Starting server

tcp server listening on port 3000

remove unit endpoint hit

POST /removeUnit HTTP/1.1
Host: 18.222.229.78
Accept: application/json, text/javascript, */*; q=0.01
Accept-Encoding: gzip, deflate
Accept-Language: en-US,en;q=0.9
Connection: keep-alive
Content-Length: 41
Content-Type: application/x-www-form-urlencoded; charset=UTF-8
Origin: http://18.222.229.78
Referer: http://18.222.229.78/
User-Agent: Mozilla/5.0 (X11; Linux x86_64) AppleWebKit/537.36 (KHTML, like Gecko) Chrome/73.0.3683.86 Safari/537.36
X-Requested-With: XMLHttpRequest

{"header":"removeUnit","id":"_4n5wgah7v"}

units written to disk

update version endpoint hit

POST /updateVersion HTTP/1.1
Host: 18.222.229.78
Accept: application/json, text/javascript, */*; q=0.01
Accept-Encoding: gzip, deflate
Accept-Language: en-US,en;q=0.9
Cache-Control: no-cache
Connection: keep-alive
Content-Length: 61
Content-Type: application/x-www-form-urlencoded; charset=UTF-8
Origin: http://18.222.229.78
Pragma: no-cache
Referer: http://18.222.229.78/
User-Agent: Mozilla/5.0 (X11; Linux x86_64) AppleWebKit/537.36 (KHTML, like Gecko) Chrome/73.0.3683.86 Safari/537.36
X-Requested-With: XMLHttpRequest

{"header":"updateVersion","version":"2.24","id":"_xigy5xpff"}

units written to disk

add unit endpoint hit

POST /addUnit HTTP/1.1
Host: 18.222.229.78
Accept: application/json, text/javascript, */*; q=0.01
Accept-Encoding: gzip, deflate
Accept-Language: en-US,en;q=0.9
Cache-Control: no-cache
Connection: keep-alive
Content-Length: 58
Content-Type: application/x-www-form-urlencoded; charset=UTF-8
Origin: http://18.222.229.78
Pragma: no-cache
Referer: http://18.222.229.78/
User-Agent: Mozilla/5.0 (X11; Linux x86_64) AppleWebKit/537.36 (KHTML, like Gecko) Chrome/73.0.3683.86 Safari/537.36
X-Requested-With: XMLHttpRequest

{"header":"addUnit","id":"_k2m49caty","beanID":"21321321"}

add unit change written to disk

update version endpoint hit

POST /updateVersion HTTP/1.1
Host: 18.222.229.78
Accept: application/json, text/javascript, */*; q=0.01
Accept-Encoding: gzip, deflate
Accept-Language: en-US,en;q=0.9
Cache-Control: no-cache
Connection: keep-alive
Content-Length: 61
Content-Type: application/x-www-form-urlencoded; charset=UTF-8
Origin: http://18.222.229.78
Pragma: no-cache
Referer: http://18.222.229.78/
User-Agent: Mozilla/5.0 (X11; Linux x86_64) AppleWebKit/537.36 (KHTML, like Gecko) Chrome/73.0.3683.86 Safari/537.36
X-Requested-With: XMLHttpRequest

{"header":"updateVersion","version":"2.15","id":"_k2m49caty"}

units written to disk

update version endpoint hit

POST /updateVersion HTTP/1.1
Host: 18.222.229.78
Accept: application/json, text/javascript, */*; q=0.01
Accept-Encoding: gzip, deflate
Accept-Language: en-US,en;q=0.9
Cache-Control: no-cache
Connection: keep-alive
Content-Length: 61
Content-Type: application/x-www-form-urlencoded; charset=UTF-8
Origin: http://18.222.229.78
Pragma: no-cache
Referer: http://18.222.229.78/
User-Agent: Mozilla/5.0 (X11; Linux x86_64) AppleWebKit/537.36 (KHTML, like Gecko) Chrome/73.0.3683.86 Safari/537.36
X-Requested-With: XMLHttpRequest

{"header":"updateVersion","version":"2.24","id":"_k2m49caty"}

units written to disk

update version endpoint hit

POST /updateVersion HTTP/1.1
Host: 18.222.229.78
Accept: application/json, text/javascript, */*; q=0.01
Accept-Encoding: gzip, deflate
Accept-Language: en-US,en;q=0.9
Connection: keep-alive
Content-Length: 61
Content-Type: application/x-www-form-urlencoded; charset=UTF-8
Origin: http://18.222.229.78
Referer: http://18.222.229.78/
User-Agent: Mozilla/5.0 (X11; Linux x86_64) AppleWebKit/537.36 (KHTML, like Gecko) Chrome/73.0.3683.86 Safari/537.36
X-Requested-With: XMLHttpRequest

{"header":"updateVersion","version":"2.25","id":"_k2m49caty"}

units written to disk

update version endpoint hit

POST /updateVersion HTTP/1.1
Host: 18.222.229.78
Accept: application/json, text/javascript, */*; q=0.01
Accept-Encoding: gzip, deflate
Accept-Language: en-US,en;q=0.9
Connection: keep-alive
Content-Length: 61
Content-Type: application/x-www-form-urlencoded; charset=UTF-8
Origin: http://18.222.229.78
Referer: http://18.222.229.78/
User-Agent: Mozilla/5.0 (X11; Linux x86_64) AppleWebKit/537.36 (KHTML, like Gecko) Chrome/73.0.3683.86 Safari/537.36
X-Requested-With: XMLHttpRequest

{"header":"updateVersion","version":"2.21","id":"_k2m49caty"}

units written to disk

add unit endpoint hit

POST /addUnit HTTP/1.1
Host: 18.222.229.78
Accept: application/json, text/javascript, */*; q=0.01
Accept-Encoding: gzip, deflate
Accept-Language: en-US,en;q=0.9
Connection: keep-alive
Content-Length: 58
Content-Type: application/x-www-form-urlencoded; charset=UTF-8
Origin: http://18.222.229.78
Referer: http://18.222.229.78/
User-Agent: Mozilla/5.0 (X11; Linux x86_64) AppleWebKit/537.36 (KHTML, like Gecko) Chrome/73.0.3683.86 Safari/537.36
X-Requested-With: XMLHttpRequest

{"header":"addUnit","id":"_x5vwjf2pu","beanID":"33331111"}

add unit change written to disk

remove unit endpoint hit

POST /removeUnit HTTP/1.1
Host: 18.222.229.78
Accept: application/json, text/javascript, */*; q=0.01
Accept-Encoding: gzip, deflate
Accept-Language: en-US,en;q=0.9
Connection: keep-alive
Content-Length: 41
Content-Type: application/x-www-form-urlencoded; charset=UTF-8
Origin: http://18.222.229.78
Referer: http://18.222.229.78/
User-Agent: Mozilla/5.0 (X11; Linux x86_64) AppleWebKit/537.36 (KHTML, like Gecko) Chrome/73.0.3683.86 Safari/537.36
X-Requested-With: XMLHttpRequest

{"header":"removeUnit","id":"_xigy5xpff"}

units written to disk

update version endpoint hit

POST /updateVersion HTTP/1.1
Host: 18.222.229.78
Accept: application/json, text/javascript, */*; q=0.01
Accept-Encoding: gzip, deflate
Accept-Language: en-US,en;q=0.9
Connection: keep-alive
Content-Length: 61
Content-Type: application/x-www-form-urlencoded; charset=UTF-8
Origin: http://18.222.229.78
Referer: http://18.222.229.78/
User-Agent: Mozilla/5.0 (X11; Linux x86_64) AppleWebKit/537.36 (KHTML, like Gecko) Chrome/73.0.3683.86 Safari/537.36
X-Requested-With: XMLHttpRequest

{"header":"updateVersion","version":"2.25","id":"_x5vwjf2pu"}

units written to disk

update version endpoint hit

POST /updateVersion HTTP/1.1
Host: 18.222.229.78
Accept: application/json, text/javascript, */*; q=0.01
Accept-Encoding: gzip, deflate
Accept-Language: en-US,en;q=0.9
Connection: keep-alive
Content-Length: 61
Content-Type: application/x-www-form-urlencoded; charset=UTF-8
Origin: http://18.222.229.78
Referer: http://18.222.229.78/
User-Agent: Mozilla/5.0 (X11; Linux x86_64) AppleWebKit/537.36 (KHTML, like Gecko) Chrome/73.0.3683.86 Safari/537.36
X-Requested-With: XMLHttpRequest

{"header":"updateVersion","version":"2.15","id":"_k2m49caty"}

units written to disk

update version endpoint hit

POST /updateVersion HTTP/1.1
Host: 18.222.229.78
Accept: application/json, text/javascript, */*; q=0.01
Accept-Encoding: gzip, deflate
Accept-Language: en-US,en;q=0.9
Connection: keep-alive
Content-Length: 61
Content-Type: application/x-www-form-urlencoded; charset=UTF-8
Origin: http://18.222.229.78
Referer: http://18.222.229.78/
User-Agent: Mozilla/5.0 (X11; Linux x86_64) AppleWebKit/537.36 (KHTML, like Gecko) Chrome/73.0.3683.86 Safari/537.36
X-Requested-With: XMLHttpRequest

{"header":"updateVersion","version":"2.22","id":"_lrmua2mt5"}

units written to disk

add unit endpoint hit

POST /addUnit HTTP/1.1
Host: 18.222.229.78
Accept: application/json, text/javascript, */*; q=0.01
Accept-Encoding: gzip, deflate
Accept-Language: en-US,en;q=0.9
Connection: keep-alive
Content-Length: 58
Content-Type: application/x-www-form-urlencoded; charset=UTF-8
Origin: http://18.222.229.78
Referer: http://18.222.229.78/
User-Agent: Mozilla/5.0 (X11; Linux x86_64) AppleWebKit/537.36 (KHTML, like Gecko) Chrome/73.0.3683.86 Safari/537.36
X-Requested-With: XMLHttpRequest

{"header":"addUnit","id":"_1u5cyqr15","beanID":"22221111"}

add unit change written to disk

